AI/Object Detection/app/build/intermediates/manifest_merge_blame_file/debug/manifest-merger-blame-debug-report.txt
1<?xml version="1.0" encoding="utf-8"?>
2<manifest xmlns:android="http://schemas.android.com/apk/res/android"
3    package="org.tensorflow.codelabs.objectdetection"
4    android:versionCode="1"
5    android:versionName="1.0" >
6
7    <uses-sdk
8        android:minSdkVersion="23"
8-->src\main\AndroidManifest.xml
9        android:targetSdkVersion="30" />
9-->src\main\AndroidManifest.xml
10
11    <uses-permission android:name="android.permission.INTERNET" />
11-->src\main\AndroidManifest.xml:5:5-66
11-->src\main\AndroidManifest.xml:5:22-64
12
13    <queries>
13-->src\main\AndroidManifest.xml:7:5-11:15
14        <intent>
14-->src\main\AndroidManifest.xml:8:9-10:18
15            <action android:name="android.media.action.IMAGE_CAPTURE" />
15-->src\main\AndroidManifest.xml:9:13-73
15-->src\main\AndroidManifest.xml:9:21-70
16        </intent>
17    </queries>
18
19    <uses-permission android:name="android.permission.WRITE_EXTERNAL_STORAGE" />
20    <uses-permission android:name="android.permission.READ_PHONE_STATE" />
21    <uses-permission android:name="android.permission.READ_EXTERNAL_STORAGE" />
22
23    <application
23-->src\main\AndroidManifest.xml:13:5-41:19
24        android:allowBackup="true"
24-->src\main\AndroidManifest.xml:15:9-35
25        android:appComponentFactory="androidx.core.app.CoreComponentFactory"
25-->[androidx.core:core:1.3.2] AndroidManifest.xml:24:18-86
26        android:debuggable="true"
27        android:extractNativeLibs="false"
28        android:icon="@mipmap/ic_launcher"
28-->src\main\AndroidManifest.xml:16:9-43
29        android:label="@string/app_name"
29-->src\main\AndroidManifest.xml:17:9-41
30        android:roundIcon="@mipmap/ic_launcher_round"
30-->src\main\AndroidManifest.xml:18:9-54
31        android:supportsRtl="true"
31-->src\main\AndroidManifest.xml:19:9-35
32        android:testOnly="true"
33        android:theme="@style/Theme.ObjectDetection"
33-->src\main\AndroidManifest.xml:20:9-53
34        android:usesCleartextTraffic="true" >
34-->src\main\AndroidManifest.xml:14:9-44
35        <activity
35-->src\main\AndroidManifest.xml:21:9-23:40
36            android:name="org.tensorflow.codelabs.objectdetection.SearchActivity"
36-->src\main\AndroidManifest.xml:22:13-43
37            android:exported="false" />
37-->src\main\AndroidManifest.xml:23:13-37
38        <activity android:name="org.tensorflow.codelabs.objectdetection.MainActivity" >
38-->src\main\AndroidManifest.xml:24:9-30:20
38-->src\main\AndroidManifest.xml:24:19-47
39            <intent-filter>
39-->src\main\AndroidManifest.xml:25:13-29:29
40                <action android:name="android.intent.action.MAIN" />
40-->src\main\AndroidManifest.xml:26:17-69
40-->src\main\AndroidManifest.xml:26:25-66
41
42                <category android:name="android.intent.category.LAUNCHER" />
42-->src\main\AndroidManifest.xml:28:17-77
42-->src\main\AndroidManifest.xml:28:27-74
43            </intent-filter>
44        </activity>
45
46        <provider
46-->src\main\AndroidManifest.xml:32:9-40:20
47            android:name="androidx.core.content.FileProvider"
47-->src\main\AndroidManifest.xml:33:13-62
48            android:authorities="org.tensorflow.codelabs.objectdetection.fileprovider"
48-->src\main\AndroidManifest.xml:34:13-87
49            android:exported="false"
49-->src\main\AndroidManifest.xml:35:13-37
50            android:grantUriPermissions="true" >
50-->src\main\AndroidManifest.xml:36:13-47
51            <meta-data
51-->src\main\AndroidManifest.xml:37:13-39:54
52                android:name="android.support.FILE_PROVIDER_PATHS"
52-->src\main\AndroidManifest.xml:38:17-67
53                android:resource="@xml/file_paths" />
53-->src\main\AndroidManifest.xml:39:17-51
54        </provider>
55    </application>
56
57</manifest>